Using pre-set license
Built from '2022.3/release' branch; Version is '2022.3.0f1 (fb119bb0b476) revision 16454043'; Using compiler version '192829333'; Build Type 'Release'
OS: 'Windows 11  (10.0.22631) 64bit Core' Language: 'en' Physical Memory: 32581 MB
BatchMode: 1, IsHumanControllingUs: 0, StartBugReporterOnCrash: 0, Is64bit: 1, IsPro: 1

COMMAND LINE ARGUMENTS:
E:\College Work\2022.3.0f1\Editor\Unity.exe
-adb2
-batchMode
-noUpm
-name
AssetImportWorker1
-projectPath
C:/Users/jdjdj/Documents/GitHub/MULT150a/My project
-logFile
Logs/AssetImportWorker1.log
-srvPort
54929
Successfully changed project path to: C:/Users/jdjdj/Documents/GitHub/MULT150a/My project
C:/Users/jdjdj/Documents/GitHub/MULT150a/My project
[UnityMemory] Configuration Parameters - Can be set up in boot.config
    "memorysetup-bucket-allocator-granularity=16"
    "memorysetup-bucket-allocator-bucket-count=8"
    "memorysetup-bucket-allocator-block-size=33554432"
    "memorysetup-bucket-allocator-block-count=8"
    "memorysetup-main-allocator-block-size=16777216"
    "memorysetup-thread-allocator-block-size=16777216"
    "memorysetup-gfx-main-allocator-block-size=16777216"
    "memorysetup-gfx-thread-allocator-block-size=16777216"
    "memorysetup-cache-allocator-block-size=4194304"
    "memorysetup-typetree-allocator-block-size=2097152"
    "memorysetup-profiler-bucket-allocator-granularity=16"
    "memorysetup-profiler-bucket-allocator-bucket-count=8"
    "memorysetup-profiler-bucket-allocator-block-size=33554432"
    "memorysetup-profiler-bucket-allocator-block-count=8"
    "memorysetup-profiler-allocator-block-size=16777216"
    "memorysetup-profiler-editor-allocator-block-size=1048576"
    "memorysetup-temp-allocator-size-main=16777216"
    "memorysetup-job-temp-allocator-block-size=2097152"
    "memorysetup-job-temp-allocator-block-size-background=1048576"
    "memorysetup-job-temp-allocator-reduction-small-platforms=262144"
    "memorysetup-allocator-temp-initial-block-size-main=262144"
    "memorysetup-allocator-temp-initial-block-size-worker=262144"
    "memorysetup-temp-allocator-size-background-worker=32768"
    "memorysetup-temp-allocator-size-job-worker=262144"
    "memorysetup-temp-allocator-size-preload-manager=33554432"
    "memorysetup-temp-allocator-size-nav-mesh-worker=65536"
    "memorysetup-temp-allocator-size-audio-worker=65536"
    "memorysetup-temp-allocator-size-cloud-worker=32768"
    "memorysetup-temp-allocator-size-gi-baking-worker=262144"
    "memorysetup-temp-allocator-size-gfx=262144"
Player connection [23076] Host "[IP] 192.168.1.131 [Port] 0 [Flags] 2 [Guid] 1814502031 [EditorId] 1814502031 [Version] 1048832 [Id] WindowsEditor(7,DESKTOP-RBCO245) [Debug] 1 [PackageName] WindowsEditor [ProjectName] Editor" joined multi-casting on [225.0.0.222:54997]...

Player connection [23076] Host "[IP] 192.168.1.131 [Port] 0 [Flags] 2 [Guid] 1814502031 [EditorId] 1814502031 [Version] 1048832 [Id] WindowsEditor(7,DESKTOP-RBCO245) [Debug] 1 [PackageName] WindowsEditor [ProjectName] Editor" joined alternative multi-casting on [225.0.0.222:34997]...

Refreshing native plugins compatible for Editor in 4.44 ms, found 3 plugins.
Preloading 0 native plugins for Editor in 0.00 ms.
Initialize engine version: 2022.3.0f1 (fb119bb0b476)
[Subsystems] Discovering subsystems at path E:/College Work/2022.3.0f1/Editor/Data/Resources/UnitySubsystems
[Subsystems] Discovering subsystems at path C:/Users/jdjdj/Documents/GitHub/MULT150a/My project/Assets
GfxDevice: creating device client; threaded=0; jobified=0
Direct3D:
    Version:  Direct3D 11.0 [level 11.1]
    Renderer: NVIDIA GeForce RTX 4070 (ID=0x2786)
    Vendor:   NVIDIA
    VRAM:     12012 MB
    Driver:   32.0.15.7283
Initialize mono
Mono path[0] = 'E:/College Work/2022.3.0f1/Editor/Data/Managed'
Mono path[1] = 'E:/College Work/2022.3.0f1/Editor/Data/MonoBleedingEdge/lib/mono/unityjit-win32'
Mono config path = 'E:/College Work/2022.3.0f1/Editor/Data/MonoBleedingEdge/etc'
Using monoOptions --debugger-agent=transport=dt_socket,embedding=1,server=y,suspend=n,address=127.0.0.1:56080
Begin MonoManager ReloadAssembly
Registering precompiled unity dll's ...
Register platform support module: E:/College Work/2022.3.0f1/Editor/Data/PlaybackEngines/WindowsStandaloneSupport/UnityEditor.WindowsStandalone.Extensions.dll
Registered in 0.001742 seconds.
- Loaded All Assemblies, in  0.187 seconds
Native extension for WindowsStandalone target not found
Mono: successfully reloaded assembly
- Finished resetting the current domain, in  0.159 seconds
Domain Reload Profiling: 346ms
	BeginReloadAssembly (51ms)
		ExecutionOrderSort (0ms)
		DisableScriptedObjects (0ms)
		BackupInstance (0ms)
		ReleaseScriptingObjects (0ms)
		CreateAndSetChildDomain (0ms)
	RebuildCommonClasses (21ms)
	RebuildNativeTypeToScriptingClass (6ms)
	initialDomainReloadingComplete (32ms)
	LoadAllAssembliesAndSetupDomain (77ms)
		LoadAssemblies (50ms)
		RebuildTransferFunctionScriptingTraits (0ms)
		AnalyzeDomain (75ms)
			TypeCache.Refresh (74ms)
				TypeCache.ScanAssembly (68ms)
			ScanForSourceGeneratedMonoScriptInfo (0ms)
			ResolveRequiredComponents (0ms)
	FinalizeReload (159ms)
		ReleaseScriptCaches (0ms)
		RebuildScriptCaches (0ms)
		SetupLoadedEditorAssemblies (124ms)
			LogAssemblyErrors (0ms)
			InitializePlatformSupportModulesInManaged (4ms)
			SetLoadedEditorAssemblies (5ms)
			RefreshPlugins (0ms)
			BeforeProcessingInitializeOnLoad (1ms)
			ProcessInitializeOnLoadAttributes (85ms)
			ProcessInitializeOnLoadMethodAttributes (29ms)
			AfterProcessingInitializeOnLoad (0ms)
			EditorAssembliesLoaded (0ms)
		ExecutionOrderSort2 (0ms)
		AwakeInstancesAfterBackupRestoration (0ms)
========================================================================
Worker process is ready to serve import requests
Begin MonoManager ReloadAssembly
Symbol file LoadedFromMemory doesn't match image C:\Users\jdjdj\Documents\GitHub\MULT150a\My project\Library\PackageCache\com.unity.visualscripting@1.8.0\Editor\VisualScripting.Core\Dependencies\YamlDotNet\Unity.VisualScripting.YamlDotNet.dll
Symbol file LoadedFromMemory doesn't match image C:\Users\jdjdj\Documents\GitHub\MULT150a\My project\Library\PackageCache\com.unity.visualscripting@1.8.0\Editor\VisualScripting.Core\Dependencies\DotNetZip\Unity.VisualScripting.IonicZip.dll
TypeRef ResolutionScope not yet handled (217) for .IMergeView in image C:\Users\jdjdj\Documents\GitHub\MULT150a\My project\Library\ScriptAssemblies\Unity.PlasticSCM.Editor.dll
Unloading broken assembly Library/ScriptAssemblies/Unity.PlasticSCM.Editor.dll, this assembly can cause crashes in the runtime
- Loaded All Assemblies, in  0.594 seconds
Refreshing native plugins compatible for Editor in 1.68 ms, found 3 plugins.
Could not load signature of Unity.PlasticSCM.Editor.Developer.UpdateReport.UpdateReportDialog:DoErrorDetailsTextArea due to: Could not resolve type with token 01000162 from typeref (expected class 'Codice.Client.BaseCommands.ReportLine' in assembly 'unityplastic, Version=11.0.16.7921, Culture=neutral, PublicKeyToken=a107c9c6e34c8876') assembly:unityplastic, Version=11.0.16.7921, Culture=neutral, PublicKeyToken=a107c9c6e34c8876 type:Codice.Client.BaseCommands.ReportLine member:(null)
Could not load signature of Unity.PlasticSCM.Editor.Gluon.UpdateReport.UpdateReportDialog:ShowUpdateReport due to: Could not resolve type with token 0100006c from typeref (expected class 'Codice.Client.BaseCommands.ErrorMessage' in assembly 'unityplastic, Version=11.0.16.7921, Culture=neutral, PublicKeyToken=a107c9c6e34c8876') assembly:unityplastic, Version=11.0.16.7921, Culture=neutral, PublicKeyToken=a107c9c6e34c8876 type:Codice.Client.BaseCommands.ErrorMessage member:(null)
Could not load signature of Unity.PlasticSCM.Editor.Gluon.UpdateReport.UpdateReportDialog:UpdateUpdateReportList due to: Could not resolve type with token 0100006c from typeref (expected class 'Codice.Client.BaseCommands.ErrorMessage' in assembly 'unityplastic, Version=11.0.16.7921, Culture=neutral, PublicKeyToken=a107c9c6e34c8876') assembly:unityplastic, Version=11.0.16.7921, Culture=neutral, PublicKeyToken=a107c9c6e34c8876 type:Codice.Client.BaseCommands.ErrorMessage member:(null)
Could not load signature of Unity.PlasticSCM.Editor.Gluon.UpdateReport.UpdateReportDialog:GetErrorDetailsText due to: Could not resolve type with token 0100006c from typeref (expected class 'Codice.Client.BaseCommands.ErrorMessage' in assembly 'unityplastic, Version=11.0.16.7921, Culture=neutral, PublicKeyToken=a107c9c6e34c8876') assembly:unityplastic, Version=11.0.16.7921, Culture=neutral, PublicKeyToken=a107c9c6e34c8876 type:Codice.Client.BaseCommands.ErrorMessage member:(null)
Could not load signature of Unity.PlasticSCM.Editor.Gluon.UpdateReport.UpdateReportDialog:DoErrorDetailsTextArea due to: Could not resolve type with token 0100006c from typeref (expected class 'Codice.Client.BaseCommands.ErrorMessage' in assembly 'unityplastic, Version=11.0.16.7921, Culture=neutral, PublicKeyToken=a107c9c6e34c8876') assembly:unityplastic, Version=11.0.16.7921, Culture=neutral, PublicKeyToken=a107c9c6e34c8876 type:Codice.Client.BaseCommands.ErrorMessage member:(null)
Could not load signature of Unity.PlasticSCM.Editor.Gluon.UpdateReport.UpdateReportDialog:Create due to: Could not resolve type with token 0100006c from typeref (expected class 'Codice.Client.BaseCommands.ErrorMessage' in assembly 'unityplastic, Version=11.0.16.7921, Culture=neutral, PublicKeyToken=a107c9c6e34c8876') assembly:unityplastic, Version=11.0.16.7921, Culture=neutral, PublicKeyToken=a107c9c6e34c8876 type:Codice.Client.BaseCommands.ErrorMessage member:(null)
Native extension for WindowsStandalone target not found
Mono: successfully reloaded assembly
- Finished resetting the current domain, in  0.249 seconds
Domain Reload Profiling: 843ms
	BeginReloadAssembly (74ms)
		ExecutionOrderSort (0ms)
		DisableScriptedObjects (3ms)
		BackupInstance (0ms)
		ReleaseScriptingObjects (0ms)
		CreateAndSetChildDomain (13ms)
	RebuildCommonClasses (20ms)
	RebuildNativeTypeToScriptingClass (6ms)
	initialDomainReloadingComplete (24ms)
	LoadAllAssembliesAndSetupDomain (470ms)
		LoadAssemblies (334ms)
		RebuildTransferFunctionScriptingTraits (0ms)
		AnalyzeDomain (170ms)
			TypeCache.Refresh (159ms)
				TypeCache.ScanAssembly (152ms)
			ScanForSourceGeneratedMonoScriptInfo (9ms)
			ResolveRequiredComponents (2ms)
	FinalizeReload (249ms)
		ReleaseScriptCaches (0ms)
		RebuildScriptCaches (0ms)
		SetupLoadedEditorAssemblies (145ms)
			LogAssemblyErrors (0ms)
			InitializePlatformSupportModulesInManaged (4ms)
			SetLoadedEditorAssemblies (2ms)
			RefreshPlugins (0ms)
			BeforeProcessingInitializeOnLoad (31ms)
			ProcessInitializeOnLoadAttributes (93ms)
			ProcessInitializeOnLoadMethodAttributes (13ms)
			AfterProcessingInitializeOnLoad (1ms)
			EditorAssembliesLoaded (0ms)
		ExecutionOrderSort2 (0ms)
		AwakeInstancesAfterBackupRestoration (4ms)
Launched and connected shader compiler UnityShaderCompiler.exe after 0.03 seconds
Refreshing native plugins compatible for Editor in 1.94 ms, found 3 plugins.
Preloading 0 native plugins for Editor in 0.00 ms.
Unloading 3112 Unused Serialized files (Serialized files now loaded: 0)
Unloading 29 unused Assets / (56.2 KB). Loaded Objects now: 3576.
Memory consumption went from 117.2 MB to 117.1 MB.
Total: 1.802600 ms (FindLiveObjects: 0.128400 ms CreateObjectMapping: 0.041400 ms MarkObjects: 1.569100 ms  DeleteObjects: 0.063000 ms)

AssetImportParameters requested are different than current active one (requested -> active):
  custom:container-demuxer-ogg: 62fdf1f143b41e24485cea50d1cbac27 -> 
  custom:scripting/precompiled-assembly-types:Unity.PlasticSCM.Editor: 1ef1cb9af7c7d64bd75bd621bba19cd7 -> 
  custom:video-codec-MediaFoundation-h265: 746d11721c4dcdbdad8f713fa42b33f4 -> 
  custom:video-decoder-ogg-theora: a1e56fd34408186e4bbccfd4996cb3dc -> 
  custom:framework-win-MediaFoundation: 216162199b28c13a410421893ffa2e32 -> 
  custom:container-demuxer-webm: 4f35f7cbe854078d1ac9338744f61a02 -> 
  custom:container-muxer-webm: aa71ff27fc2769a1b78a27578f13a17b -> 
  custom:video-decoder-webm-vp8: 9c59270c3fd7afecdb556c50c9e8de78 -> 
  custom:AudioImporter_EditorPlatform: d09bf68614088b80899f8185d706f6e7 -> 
  custom:video-encoder-webm-vp8: eb34c28f22e8b96e1ab97ce403110664 -> 
  custom:audio-decoder-ogg-vorbis: bf7c407c2cedff20999df2af8eb42d56 -> 
  custom:audio-encoder-webm-vorbis: bf7c407c2cedff20999df2af8eb42d56 -> 
  custom:scripting/precompiled-assembly-types:unityplastic: 924fb0d9b23bc064599cc2b2d96c5901 -> 3c30bc2c6029bd937aec52f5f186acab
========================================================================
Received Import Request.
  Time since last request: 17165.243770 seconds.
  path: Assets/Scenes
  artifactKey: Guid(56d46e875c4333f44abbb9dfeb7382da) Importer(815301076,1909f56bfc062723c751e8b465ee728b)
Start importing Assets/Scenes using Guid(56d46e875c4333f44abbb9dfeb7382da) Importer(815301076,1909f56bfc062723c751e8b465ee728b)  -> (artifact id: 'ec281d7dff8f3c299835a1581d0283a0') in 0.002229 seconds
Number of updated asset objects reloaded before import = 0
Number of asset objects unloaded after import = 0
========================================================================
Received Import Request.
  Time since last request: 15.778449 seconds.
  path: Assets/Yuji/fuku2.png
  artifactKey: Guid(b806d0d84c62ab445a1920abdaf0cac2) Importer(815301076,1909f56bfc062723c751e8b465ee728b)
Start importing Assets/Yuji/fuku2.png using Guid(b806d0d84c62ab445a1920abdaf0cac2) Importer(815301076,1909f56bfc062723c751e8b465ee728b)  -> (artifact id: '7b2ebe4bffefc8ca2aa51e25d5e88834') in 0.051110 seconds
Number of updated asset objects reloaded before import = 0
Number of asset objects unloaded after import = 2
========================================================================
Received Import Request.
  Time since last request: 0.000026 seconds.
  path: Assets/Yuji/toon_hair.png
  artifactKey: Guid(47d8d12b26bd5cb4d8c54309b580e644) Importer(815301076,1909f56bfc062723c751e8b465ee728b)
Start importing Assets/Yuji/toon_hair.png using Guid(47d8d12b26bd5cb4d8c54309b580e644) Importer(815301076,1909f56bfc062723c751e8b465ee728b)  -> (artifact id: 'f758c364267a97574d88f58214a9a75c') in 0.014399 seconds
Number of updated asset objects reloaded before import = 0
Number of asset objects unloaded after import = 2
========================================================================
Received Import Request.
  Time since last request: 0.000015 seconds.
  path: Assets/Yuji/morph.png
  artifactKey: Guid(bf13d4d2f94dc9b46a5d0ca483346237) Importer(815301076,1909f56bfc062723c751e8b465ee728b)
Start importing Assets/Yuji/morph.png using Guid(bf13d4d2f94dc9b46a5d0ca483346237) Importer(815301076,1909f56bfc062723c751e8b465ee728b)  -> (artifact id: '73670f702ab7583151fd65e360c9e5d1') in 0.012985 seconds
Number of updated asset objects reloaded before import = 0
Number of asset objects unloaded after import = 2
========================================================================
Received Import Request.
  Time since last request: 0.000022 seconds.
  path: Assets/Yuji/hair2.png
  artifactKey: Guid(d110675d9e8420f4fa59e8121f910efa) Importer(815301076,1909f56bfc062723c751e8b465ee728b)
Start importing Assets/Yuji/hair2.png using Guid(d110675d9e8420f4fa59e8121f910efa) Importer(815301076,1909f56bfc062723c751e8b465ee728b)  -> (artifact id: 'e5f6eb6d390255f0193a664c25fa490e') in 0.010915 seconds
Number of updated asset objects reloaded before import = 0
Number of asset objects unloaded after import = 2
========================================================================
Received Import Request.
  Time since last request: 0.000022 seconds.
  path: Assets/Yuji/hair.png
  artifactKey: Guid(127c6f9cd575c9748a461d885bb0323c) Importer(815301076,1909f56bfc062723c751e8b465ee728b)
Start importing Assets/Yuji/hair.png using Guid(127c6f9cd575c9748a461d885bb0323c) Importer(815301076,1909f56bfc062723c751e8b465ee728b)  -> (artifact id: 'ede5739f5302ad647f0f3c75e9278b56') in 0.011518 seconds
Number of updated asset objects reloaded before import = 0
Number of asset objects unloaded after import = 2
========================================================================
Received Import Request.
  Time since last request: 0.000011 seconds.
  path: Assets/Yuji/s_p.png
  artifactKey: Guid(4dcf0ed55290b824e96dbe77bbb48a1c) Importer(815301076,1909f56bfc062723c751e8b465ee728b)
Start importing Assets/Yuji/s_p.png using Guid(4dcf0ed55290b824e96dbe77bbb48a1c) Importer(815301076,1909f56bfc062723c751e8b465ee728b)  -> (artifact id: '26e3a8bb050b5ac4cb9e1d48c9cb6fbb') in 0.013570 seconds
Number of updated asset objects reloaded before import = 0
Number of asset objects unloaded after import = 2
========================================================================
Received Import Request.
  Time since last request: 0.000012 seconds.
  path: Assets/Yuji/skin.png
  artifactKey: Guid(9a1acb91dae7c9446acfd021fc0f50d5) Importer(815301076,1909f56bfc062723c751e8b465ee728b)
Start importing Assets/Yuji/skin.png using Guid(9a1acb91dae7c9446acfd021fc0f50d5) Importer(815301076,1909f56bfc062723c751e8b465ee728b)  -> (artifact id: '7af7a89665371e36bc85f9d04b819e37') in 0.021550 seconds
Number of updated asset objects reloaded before import = 0
Number of asset objects unloaded after import = 2
========================================================================
Received Import Request.
  Time since last request: 0.000059 seconds.
  path: Assets/Yuji/toon_f.png
  artifactKey: Guid(8baf09bceb1d3aa4684f866de149e188) Importer(815301076,1909f56bfc062723c751e8b465ee728b)
Start importing Assets/Yuji/toon_f.png using Guid(8baf09bceb1d3aa4684f866de149e188) Importer(815301076,1909f56bfc062723c751e8b465ee728b)  -> (artifact id: '829fbb010ccff6af59f676ce90400708') in 0.011316 seconds
Number of updated asset objects reloaded before import = 0
Number of asset objects unloaded after import = 2
========================================================================
Received Import Request.
  Time since last request: 0.000060 seconds.
  path: Assets/Yuji/s_1.png
  artifactKey: Guid(8d861642f64f1da4ab6f40a3d0c2235d) Importer(815301076,1909f56bfc062723c751e8b465ee728b)
Start importing Assets/Yuji/s_1.png using Guid(8d861642f64f1da4ab6f40a3d0c2235d) Importer(815301076,1909f56bfc062723c751e8b465ee728b)  -> (artifact id: '0bfb118ad7a0afa9a28367741088f674') in 0.013854 seconds
Number of updated asset objects reloaded before import = 0
Number of asset objects unloaded after import = 2
========================================================================
Received Import Request.
  Time since last request: 0.000045 seconds.
  path: Assets/Yuji/season 2.png
  artifactKey: Guid(55425fa411ca27444b7f1b447845768b) Importer(815301076,1909f56bfc062723c751e8b465ee728b)
Start importing Assets/Yuji/season 2.png using Guid(55425fa411ca27444b7f1b447845768b) Importer(815301076,1909f56bfc062723c751e8b465ee728b)  -> (artifact id: '7c409f4d8613ee6efe16919fe996d2eb') in 0.017168 seconds
Number of updated asset objects reloaded before import = 0
Number of asset objects unloaded after import = 2
========================================================================
Received Import Request.
  Time since last request: 0.000013 seconds.
  path: Assets/Yuji/s_mg.png
  artifactKey: Guid(bdc1e9c6aed12a141bd7e0ca538fa81e) Importer(815301076,1909f56bfc062723c751e8b465ee728b)
Start importing Assets/Yuji/s_mg.png using Guid(bdc1e9c6aed12a141bd7e0ca538fa81e) Importer(815301076,1909f56bfc062723c751e8b465ee728b)  -> (artifact id: '9313efe31d0ce8e715c216d779ec662c') in 0.012684 seconds
Number of updated asset objects reloaded before import = 0
Number of asset objects unloaded after import = 2
